<?xml version="1.0" encoding="UTF-8"?>
<testng-results skipped="0" failed="1" total="1" passed="0">
  <reporter-output>
  </reporter-output>
  <suite name="Default suite" duration-ms="11138" started-at="2016-12-23T13:58:33Z" finished-at="2016-12-23T13:58:44Z">
    <groups>
    </groups>
    <test name="Default test" duration-ms="11138" started-at="2016-12-23T13:58:33Z" finished-at="2016-12-23T13:58:44Z">
      <class name="testcases.VerifyLoginPageWithReportsWithScreenshots">
        <test-method status="PASS" signature="setUp()[pri:0, instance:testcases.VerifyLoginPageWithReportsWithScreenshots@721e0f4f]" name="setUp" is-config="true" duration-ms="9027" started-at="2016-12-23T19:28:33Z" finished-at="2016-12-23T19:28:42Z">
          <reporter-output>
          </reporter-output>
        </test-method> <!-- setUp -->
        <test-method status="FAIL" signature="testLoginPage()[pri:0, instance:testcases.VerifyLoginPageWithReportsWithScreenshots@721e0f4f]" name="testLoginPage" duration-ms="590" started-at="2016-12-23T19:28:42Z" finished-at="2016-12-23T19:28:42Z">
          <exception class="java.lang.IllegalStateException">
            <message>
              <![CDATA[Cannot get a STRING value from a NUMERIC cell]]>
            </message>
            <full-stacktrace>
              <![CDATA[java.lang.IllegalStateException: Cannot get a STRING value from a NUMERIC cell
	at org.apache.poi.xssf.usermodel.XSSFCell.typeMismatch(XSSFCell.java:1050)
	at org.apache.poi.xssf.usermodel.XSSFCell.getRichStringCellValue(XSSFCell.java:404)
	at org.apache.poi.xssf.usermodel.XSSFCell.getStringCellValue(XSSFCell.java:356)
	at DataProvider.ExcelDataProvider.getData(ExcelDataProvider.java:27)
	at testcases.VerifyLoginPageWithReportsWithScreenshots.testLoginPage(VerifyLoginPageWithReportsWithScreenshots.java:53)
	at sun.reflect.NativeMethodAccessorImpl.invoke0(Native Method)
	at sun.reflect.NativeMethodAccessorImpl.invoke(Unknown Source)
	at sun.reflect.DelegatingMethodAccessorImpl.invoke(Unknown Source)
	at java.lang.reflect.Method.invoke(Unknown Source)
	at org.testng.internal.MethodInvocationHelper.invokeMethod(MethodInvocationHelper.java:84)
	at org.testng.internal.Invoker.invokeMethod(Invoker.java:714)
	at org.testng.internal.Invoker.invokeTestMethod(Invoker.java:901)
	at org.testng.internal.Invoker.invokeTestMethods(Invoker.java:1231)
	at org.testng.internal.TestMethodWorker.invokeTestMethods(TestMethodWorker.java:127)
	at org.testng.internal.TestMethodWorker.run(TestMethodWorker.java:111)
	at org.testng.TestRunner.privateRun(TestRunner.java:767)
	at org.testng.TestRunner.run(TestRunner.java:617)
	at org.testng.SuiteRunner.runTest(SuiteRunner.java:334)
	at org.testng.SuiteRunner.runSequentially(SuiteRunner.java:329)
	at org.testng.SuiteRunner.privateRun(SuiteRunner.java:291)
	at org.testng.SuiteRunner.run(SuiteRunner.java:240)
	at org.testng.SuiteRunnerWorker.runSuite(SuiteRunnerWorker.java:52)
	at org.testng.SuiteRunnerWorker.run(SuiteRunnerWorker.java:86)
	at org.testng.TestNG.runSuitesSequentially(TestNG.java:1224)
	at org.testng.TestNG.runSuitesLocally(TestNG.java:1149)
	at org.testng.TestNG.run(TestNG.java:1057)
	at org.testng.remote.RemoteTestNG.run(RemoteTestNG.java:111)
	at org.testng.remote.RemoteTestNG.initAndRun(RemoteTestNG.java:204)
	at org.testng.remote.RemoteTestNG.main(RemoteTestNG.java:175)
]]>
            </full-stacktrace>
          </exception> <!-- java.lang.IllegalStateException -->
          <reporter-output>
          </reporter-output>
        </test-method> <!-- testLoginPage -->
        <test-method status="PASS" signature="tearDown(org.testng.ITestResult)[pri:0, instance:testcases.VerifyLoginPageWithReportsWithScreenshots@721e0f4f]" name="tearDown" is-config="true" duration-ms="1505" started-at="2016-12-23T19:28:42Z" finished-at="2016-12-23T19:28:44Z">
          <params>
            <param index="0">
              <value>
                <![CDATA[[TestResult name=testLoginPage status=FAILURE method=VerifyLoginPageWithReportsWithScreenshots.testLoginPage()[pri:0, instance:testcases.VerifyLoginPageWithReportsWithScreenshots@721e0f4f] output={null}]]]>
              </value>
            </param>
          </params>
          <reporter-output>
          </reporter-output>
        </test-method> <!-- tearDown -->
      </class> <!-- testcases.VerifyLoginPageWithReportsWithScreenshots -->
    </test> <!-- Default test -->
  </suite> <!-- Default suite -->
</testng-results>
